Using pre-set license
Built from '2022.3/staging' branch; Version is '2022.3.10f1 (ff3792e53c62) revision 16725906'; Using compiler version '192829333'; Build Type 'Release'
OS: 'Windows 11  (10.0.22621) 64bit Core' Language: 'en' Physical Memory: 32694 MB
BatchMode: 1, IsHumanControllingUs: 0, StartBugReporterOnCrash: 0, Is64bit: 1, IsPro: 1

COMMAND LINE ARGUMENTS:
C:\Program Files\Unity\Hub\Editor\2022.3.10f1\Editor\Unity.exe
-adb2
-batchMode
-noUpm
-name
AssetImportWorker1
-projectPath
C:/Users/Kevin/DitV Game
-logFile
Logs/AssetImportWorker1.log
-srvPort
62655
Successfully changed project path to: C:/Users/Kevin/DitV Game
C:/Users/Kevin/DitV Game
[UnityMemory] Configuration Parameters - Can be set up in boot.config
    "memorysetup-bucket-allocator-granularity=16"
    "memorysetup-bucket-allocator-bucket-count=8"
    "memorysetup-bucket-allocator-block-size=33554432"
    "memorysetup-bucket-allocator-block-count=8"
    "memorysetup-main-allocator-block-size=16777216"
    "memorysetup-thread-allocator-block-size=16777216"
    "memorysetup-gfx-main-allocator-block-size=16777216"
    "memorysetup-gfx-thread-allocator-block-size=16777216"
    "memorysetup-cache-allocator-block-size=4194304"
    "memorysetup-typetree-allocator-block-size=2097152"
    "memorysetup-profiler-bucket-allocator-granularity=16"
    "memorysetup-profiler-bucket-allocator-bucket-count=8"
    "memorysetup-profiler-bucket-allocator-block-size=33554432"
    "memorysetup-profiler-bucket-allocator-block-count=8"
    "memorysetup-profiler-allocator-block-size=16777216"
    "memorysetup-profiler-editor-allocator-block-size=1048576"
    "memorysetup-temp-allocator-size-main=16777216"
    "memorysetup-job-temp-allocator-block-size=2097152"
    "memorysetup-job-temp-allocator-block-size-background=1048576"
    "memorysetup-job-temp-allocator-reduction-small-platforms=262144"
    "memorysetup-allocator-temp-initial-block-size-main=262144"
    "memorysetup-allocator-temp-initial-block-size-worker=262144"
    "memorysetup-temp-allocator-size-background-worker=32768"
    "memorysetup-temp-allocator-size-job-worker=262144"
    "memorysetup-temp-allocator-size-preload-manager=33554432"
    "memorysetup-temp-allocator-size-nav-mesh-worker=65536"
    "memorysetup-temp-allocator-size-audio-worker=65536"
    "memorysetup-temp-allocator-size-cloud-worker=32768"
    "memorysetup-temp-allocator-size-gi-baking-worker=262144"
    "memorysetup-temp-allocator-size-gfx=262144"
Player connection [30288] Host "[IP] 192.168.1.29 [Port] 0 [Flags] 2 [Guid] 2900451516 [EditorId] 2900451516 [Version] 1048832 [Id] WindowsEditor(7,DESKTOP-G62OFOL) [Debug] 1 [PackageName] WindowsEditor [ProjectName] Editor" joined multi-casting on [225.0.0.222:54997]...

Player connection [30288] Host "[IP] 192.168.1.29 [Port] 0 [Flags] 2 [Guid] 2900451516 [EditorId] 2900451516 [Version] 1048832 [Id] WindowsEditor(7,DESKTOP-G62OFOL) [Debug] 1 [PackageName] WindowsEditor [ProjectName] Editor" joined alternative multi-casting on [225.0.0.222:34997]...

[Physics::Module] Initialized MultithreadedJobDispatcher with 11 workers.
Refreshing native plugins compatible for Editor in 7.18 ms, found 3 plugins.
Preloading 0 native plugins for Editor in 0.00 ms.
Initialize engine version: 2022.3.10f1 (ff3792e53c62)
[Subsystems] Discovering subsystems at path C:/Program Files/Unity/Hub/Editor/2022.3.10f1/Editor/Data/Resources/UnitySubsystems
[Subsystems] Discovering subsystems at path C:/Users/Kevin/DitV Game/Assets
GfxDevice: creating device client; threaded=0; jobified=0
Direct3D:
    Version:  Direct3D 11.0 [level 11.1]
    Renderer: NVIDIA GeForce RTX 3070 Ti (ID=0x2482)
    Vendor:   NVIDIA
    VRAM:     8031 MB
    Driver:   31.0.15.3734
Shader 'Custom/AdditiveTintable': fallback shader 'Particles/Additive (Soft)' not found
Initialize mono
Mono path[0] = 'C:/Program Files/Unity/Hub/Editor/2022.3.10f1/Editor/Data/Managed'
Mono path[1] = 'C:/Program Files/Unity/Hub/Editor/2022.3.10f1/Editor/Data/MonoBleedingEdge/lib/mono/unityjit-win32'
Mono config path = 'C:/Program Files/Unity/Hub/Editor/2022.3.10f1/Editor/Data/MonoBleedingEdge/etc'
Using monoOptions --debugger-agent=transport=dt_socket,embedding=1,server=y,suspend=n,address=127.0.0.1:56732
Begin MonoManager ReloadAssembly
Registering precompiled unity dll's ...
Register platform support module: C:/Program Files/Unity/Hub/Editor/2022.3.10f1/Editor/Data/PlaybackEngines/MacStandaloneSupport/UnityEditor.OSXStandalone.Extensions.dll
Register platform support module: C:/Program Files/Unity/Hub/Editor/2022.3.10f1/Editor/Data/PlaybackEngines/WindowsStandaloneSupport/UnityEditor.WindowsStandalone.Extensions.dll
Registered in 0.007801 seconds.
- Loaded All Assemblies, in  0.423 seconds
Native extension for WindowsStandalone target not found
Native extension for OSXStandalone target not found
Mono: successfully reloaded assembly
- Finished resetting the current domain, in  0.222 seconds
Domain Reload Profiling: 643ms
	BeginReloadAssembly (200ms)
		ExecutionOrderSort (0ms)
		DisableScriptedObjects (0ms)
		BackupInstance (0ms)
		ReleaseScriptingObjects (0ms)
		CreateAndSetChildDomain (1ms)
	RebuildCommonClasses (35ms)
	RebuildNativeTypeToScriptingClass (8ms)
	initialDomainReloadingComplete (50ms)
	LoadAllAssembliesAndSetupDomain (129ms)
		LoadAssemblies (198ms)
		RebuildTransferFunctionScriptingTraits (0ms)
		AnalyzeDomain (127ms)
			TypeCache.Refresh (126ms)
				TypeCache.ScanAssembly (115ms)
			ScanForSourceGeneratedMonoScriptInfo (0ms)
			ResolveRequiredComponents (0ms)
	FinalizeReload (222ms)
		ReleaseScriptCaches (0ms)
		RebuildScriptCaches (0ms)
		SetupLoadedEditorAssemblies (171ms)
			LogAssemblyErrors (0ms)
			InitializePlatformSupportModulesInManaged (10ms)
			SetLoadedEditorAssemblies (7ms)
			RefreshPlugins (0ms)
			BeforeProcessingInitializeOnLoad (2ms)
			ProcessInitializeOnLoadAttributes (110ms)
			ProcessInitializeOnLoadMethodAttributes (42ms)
			AfterProcessingInitializeOnLoad (0ms)
			EditorAssembliesLoaded (0ms)
		ExecutionOrderSort2 (0ms)
		AwakeInstancesAfterBackupRestoration (0ms)
========================================================================
Worker process is ready to serve import requests
Begin MonoManager ReloadAssembly
- Loaded All Assemblies, in  0.708 seconds
Refreshing native plugins compatible for Editor in 4.04 ms, found 3 plugins.
Native extension for WindowsStandalone target not found
Native extension for OSXStandalone target not found
Package Manager log level set to [2]
[Package Manager] Server::EnsureServerProcessIsRunning -- launch failed, reason: Unity was launched with the -noUpm command-line argument
[Package Manager] UpmClient::Send -- Unable to send message (not connected to UPM process).
[Package Manager] Cannot connect to Unity Package Manager local server
Mono: successfully reloaded assembly
- Finished resetting the current domain, in  0.621 seconds
Domain Reload Profiling: 1324ms
	BeginReloadAssembly (178ms)
		ExecutionOrderSort (0ms)
		DisableScriptedObjects (7ms)
		BackupInstance (0ms)
		ReleaseScriptingObjects (0ms)
		CreateAndSetChildDomain (24ms)
	RebuildCommonClasses (47ms)
	RebuildNativeTypeToScriptingClass (11ms)
	initialDomainReloadingComplete (50ms)
	LoadAllAssembliesAndSetupDomain (415ms)
		LoadAssemblies (367ms)
		RebuildTransferFunctionScriptingTraits (0ms)
		AnalyzeDomain (154ms)
			TypeCache.Refresh (129ms)
				TypeCache.ScanAssembly (115ms)
			ScanForSourceGeneratedMonoScriptInfo (16ms)
			ResolveRequiredComponents (7ms)
	FinalizeReload (622ms)
		ReleaseScriptCaches (0ms)
		RebuildScriptCaches (0ms)
		SetupLoadedEditorAssemblies (490ms)
			LogAssemblyErrors (0ms)
			InitializePlatformSupportModulesInManaged (9ms)
			SetLoadedEditorAssemblies (3ms)
			RefreshPlugins (0ms)
			BeforeProcessingInitializeOnLoad (59ms)
			ProcessInitializeOnLoadAttributes (396ms)
			ProcessInitializeOnLoadMethodAttributes (15ms)
			AfterProcessingInitializeOnLoad (6ms)
			EditorAssembliesLoaded (0ms)
		ExecutionOrderSort2 (0ms)
		AwakeInstancesAfterBackupRestoration (5ms)
Shader 'Custom/AdditiveTintable': fallback shader 'Particles/Additive (Soft)' not found
Launched and connected shader compiler UnityShaderCompiler.exe after 0.03 seconds
Refreshing native plugins compatible for Editor in 3.28 ms, found 3 plugins.
Preloading 0 native plugins for Editor in 0.00 ms.
Unloading 3648 Unused Serialized files (Serialized files now loaded: 0)
Unloading 47 unused Assets / (131.1 KB). Loaded Objects now: 4128.
Memory consumption went from 136.9 MB to 136.7 MB.
Total: 3.888000 ms (FindLiveObjects: 0.285000 ms CreateObjectMapping: 0.206500 ms MarkObjects: 3.252700 ms  DeleteObjects: 0.143100 ms)

AssetImportParameters requested are different than current active one (requested -> active):
  custom:container-demuxer-ogg: 62fdf1f143b41e24485cea50d1cbac27 -> 
  custom:video-decoder-ogg-theora: a1e56fd34408186e4bbccfd4996cb3dc -> 
  custom:framework-win-MediaFoundation: 216162199b28c13a410421893ffa2e32 -> 
  custom:CustomObjectIndexerAttribute: 756ad292c208cfabdd7b50bc23989ffe -> 
  custom:container-demuxer-webm: 4f35f7cbe854078d1ac9338744f61a02 -> 
  custom:container-muxer-webm: aa71ff27fc2769a1b78a27578f13a17b -> 
  custom:video-decoder-webm-vp8: 9c59270c3fd7afecdb556c50c9e8de78 -> 
  custom:SearchIndexIgnoredProperties: e643bd26f0fe6173181afceb89e7c659 -> 
  custom:AudioImporter_EditorPlatform: d09bf68614088b80899f8185d706f6e7 -> 
  custom:video-encoder-webm-vp8: eb34c28f22e8b96e1ab97ce403110664 -> 
  custom:audio-decoder-ogg-vorbis: bf7c407c2cedff20999df2af8eb42d56 -> 
  custom:audio-encoder-webm-vorbis: bf7c407c2cedff20999df2af8eb42d56 -> 
========================================================================
Received Import Request.
  Time since last request: 1768497.902117 seconds.
  path: Assets/Character Models/CustomizableCharacters/Common/Resources/CustomizableCharacters/Icons/177.png
  artifactKey: Guid(c6a41d6570924dc42948149450562912) Importer(815301076,1909f56bfc062723c751e8b465ee728b)
Start importing Assets/Character Models/CustomizableCharacters/Common/Resources/CustomizableCharacters/Icons/177.png using Guid(c6a41d6570924dc42948149450562912) Importer(815301076,1909f56bfc062723c751e8b465ee728b)  -> (artifact id: '80dab0d6958dcc9c208027b5dc262190') in 0.077823 seconds
Number of updated asset objects reloaded before import = 0
Number of asset objects unloaded after import = 3
========================================================================
Received Import Request.
  Time since last request: 0.000027 seconds.
  path: Assets/Character Models/CustomizableCharacters/Common/Resources/CustomizableCharacters/Icons/170.png
  artifactKey: Guid(3eaeb909e09a78e4190b3b7710ac38d8) Importer(815301076,1909f56bfc062723c751e8b465ee728b)
Start importing Assets/Character Models/CustomizableCharacters/Common/Resources/CustomizableCharacters/Icons/170.png using Guid(3eaeb909e09a78e4190b3b7710ac38d8) Importer(815301076,1909f56bfc062723c751e8b465ee728b)  -> (artifact id: 'fc8bff52eb5b5d44a87b628d300fbd16') in 0.023541 seconds
Number of updated asset objects reloaded before import = 0
Number of asset objects unloaded after import = 3
========================================================================
Received Import Request.
  Time since last request: 0.000015 seconds.
  path: Assets/Character Models/CustomizableCharacters/Common/Icons/Outline/173.png
  artifactKey: Guid(12063d1afba01c440a1b8409da716cd8) Importer(815301076,1909f56bfc062723c751e8b465ee728b)
Start importing Assets/Character Models/CustomizableCharacters/Common/Icons/Outline/173.png using Guid(12063d1afba01c440a1b8409da716cd8) Importer(815301076,1909f56bfc062723c751e8b465ee728b)  -> (artifact id: '0423b8fa3d3351f36bb8f8cc22adfd1a') in 0.017023 seconds
Number of updated asset objects reloaded before import = 0
Number of asset objects unloaded after import = 3
========================================================================
Received Import Request.
  Time since last request: 0.000012 seconds.
  path: Assets/Character Models/CustomizableCharacters/Common/Icons/Outline/169.png
  artifactKey: Guid(d14bfa27b21157845bbaa3c2b485e27a) Importer(815301076,1909f56bfc062723c751e8b465ee728b)
Start importing Assets/Character Models/CustomizableCharacters/Common/Icons/Outline/169.png using Guid(d14bfa27b21157845bbaa3c2b485e27a) Importer(815301076,1909f56bfc062723c751e8b465ee728b)  -> (artifact id: '9b193addde065bad8875715918d5b98c') in 0.018688 seconds
Number of updated asset objects reloaded before import = 0
Number of asset objects unloaded after import = 3
========================================================================
Received Import Request.
  Time since last request: 0.000013 seconds.
  path: Assets/Character Models/CustomizableCharacters/Common/Resources/CustomizableCharacters/Icons/176.png
  artifactKey: Guid(c5bfd9253191bc548afef9ef44a89cf7) Importer(815301076,1909f56bfc062723c751e8b465ee728b)
Start importing Assets/Character Models/CustomizableCharacters/Common/Resources/CustomizableCharacters/Icons/176.png using Guid(c5bfd9253191bc548afef9ef44a89cf7) Importer(815301076,1909f56bfc062723c751e8b465ee728b)  -> (artifact id: '02ab3ef9fa46f7ea8bffc71755c8eb50') in 0.015889 seconds
Number of updated asset objects reloaded before import = 0
Number of asset objects unloaded after import = 3
========================================================================
Received Import Request.
  Time since last request: 0.000012 seconds.
  path: Assets/Character Models/CustomizableCharacters/Common/Resources/CustomizableCharacters/Icons/173.png
  artifactKey: Guid(96f23932a08b4914db3d72950a2d70bc) Importer(815301076,1909f56bfc062723c751e8b465ee728b)
Start importing Assets/Character Models/CustomizableCharacters/Common/Resources/CustomizableCharacters/Icons/173.png using Guid(96f23932a08b4914db3d72950a2d70bc) Importer(815301076,1909f56bfc062723c751e8b465ee728b)  -> (artifact id: '2fa6736e35ef84a0ee4790c267d0ecd0') in 0.012110 seconds
Number of updated asset objects reloaded before import = 0
Number of asset objects unloaded after import = 3
========================================================================
Received Import Request.
  Time since last request: 0.000012 seconds.
  path: Assets/Character Models/CustomizableCharacters/Common/Resources/CustomizableCharacters/Icons/174.png
  artifactKey: Guid(33a747767b74aab4eaf06609be74a165) Importer(815301076,1909f56bfc062723c751e8b465ee728b)
Start importing Assets/Character Models/CustomizableCharacters/Common/Resources/CustomizableCharacters/Icons/174.png using Guid(33a747767b74aab4eaf06609be74a165) Importer(815301076,1909f56bfc062723c751e8b465ee728b)  -> (artifact id: '1accfb9b130220d6949caf3043d7e637') in 0.019411 seconds
Number of updated asset objects reloaded before import = 0
Number of asset objects unloaded after import = 3
========================================================================
Received Import Request.
  Time since last request: 0.000019 seconds.
  path: Assets/Character Models/CustomizableCharacters/Common/Icons/Outline/170.png
  artifactKey: Guid(d802fe8ae38b2354d9609e6526db8476) Importer(815301076,1909f56bfc062723c751e8b465ee728b)
Start importing Assets/Character Models/CustomizableCharacters/Common/Icons/Outline/170.png using Guid(d802fe8ae38b2354d9609e6526db8476) Importer(815301076,1909f56bfc062723c751e8b465ee728b)  -> (artifact id: 'b47b4c454c7d97b903feed60096fc655') in 0.012918 seconds
Number of updated asset objects reloaded before import = 0
Number of asset objects unloaded after import = 3
========================================================================
Received Import Request.
  Time since last request: 0.000012 seconds.
  path: Assets/Character Models/CustomizableCharacters/Common/Icons/Outline/177.png
  artifactKey: Guid(ccb111609591afb47af16a7c7ff444a3) Importer(815301076,1909f56bfc062723c751e8b465ee728b)
Start importing Assets/Character Models/CustomizableCharacters/Common/Icons/Outline/177.png using Guid(ccb111609591afb47af16a7c7ff444a3) Importer(815301076,1909f56bfc062723c751e8b465ee728b)  -> (artifact id: 'a4055e3598b83084e75902210f435041') in 0.012696 seconds
Number of updated asset objects reloaded before import = 0
Number of asset objects unloaded after import = 3
========================================================================
Received Import Request.
  Time since last request: 513.426187 seconds.
  path: Assets/Character Models/CustomizableCharacters/Common/Source files/Equipment/FantasyWeaponsPack/4.fbx
  artifactKey: Guid(dbc8196cda1e38543892e48f805f303a) Importer(815301076,1909f56bfc062723c751e8b465ee728b)
Start importing Assets/Character Models/CustomizableCharacters/Common/Source files/Equipment/FantasyWeaponsPack/4.fbx using Guid(dbc8196cda1e38543892e48f805f303a) Importer(815301076,1909f56bfc062723c751e8b465ee728b)  -> (artifact id: 'b8b3dc186892d236ea9ecbda74dcf847') in 0.068232 seconds
Number of updated asset objects reloaded before import = 0
Number of asset objects unloaded after import = 8
========================================================================
Received Import Request.
  Time since last request: 0.000021 seconds.
  path: Assets/Character Models/CustomizableCharacters/Humans/Resources/CustomizableCharacters/Race 0/Hair/5.prefab
  artifactKey: Guid(1a3376094a3f2ce428b921414b45b0c8) Importer(815301076,1909f56bfc062723c751e8b465ee728b)
Start importing Assets/Character Models/CustomizableCharacters/Humans/Resources/CustomizableCharacters/Race 0/Hair/5.prefab using Guid(1a3376094a3f2ce428b921414b45b0c8) Importer(815301076,1909f56bfc062723c751e8b465ee728b)  -> (artifact id: '7ef7de1dea3fd99e1176354701774f03') in 0.015963 seconds
Number of updated asset objects reloaded before import = 0
Number of asset objects unloaded after import = 127
========================================================================
Received Import Request.
  Time since last request: 0.000025 seconds.
  path: Assets/Character Models/CustomizableCharacters/Common/Icons/Raw/6.png
  artifactKey: Guid(f2d00d51677f25d4194e5ccf06dfd7dc) Importer(815301076,1909f56bfc062723c751e8b465ee728b)
Start importing Assets/Character Models/CustomizableCharacters/Common/Icons/Raw/6.png using Guid(f2d00d51677f25d4194e5ccf06dfd7dc) Importer(815301076,1909f56bfc062723c751e8b465ee728b)  -> (artifact id: '56f1ddf2f5573318c874d47fc4abc50e') in 0.019677 seconds
Number of updated asset objects reloaded before import = 0
Number of asset objects unloaded after import = 2
========================================================================
Received Import Request.
  Time since last request: 0.000014 seconds.
  path: Assets/Character Models/CustomizableCharacters/Humans/Resources/CustomizableCharacters/Race 0/Beard/6.prefab
  artifactKey: Guid(f64f44301816c334dad0df9890c77d60) Importer(815301076,1909f56bfc062723c751e8b465ee728b)
Start importing Assets/Character Models/CustomizableCharacters/Humans/Resources/CustomizableCharacters/Race 0/Beard/6.prefab using Guid(f64f44301816c334dad0df9890c77d60) Importer(815301076,1909f56bfc062723c751e8b465ee728b)  -> (artifact id: '48d5c11662f22ae3a16e4a6738a2c5b4') in 0.002754 seconds
Number of updated asset objects reloaded before import = 0
Number of asset objects unloaded after import = 9
========================================================================
Received Prepare
Begin MonoManager ReloadAssembly
- Loaded All Assemblies, in  0.401 seconds
Refreshing native plugins compatible for Editor in 3.22 ms, found 3 plugins.
Native extension for WindowsStandalone target not found
Native extension for OSXStandalone target not found
[Package Manager] Server::EnsureServerProcessIsRunning -- launch failed, reason: Unity was launched with the -noUpm command-line argument
[Package Manager] UpmClient::Send -- Unable to send message (not connected to UPM process).
[Package Manager] Cannot connect to Unity Package Manager local server
Mono: successfully reloaded assembly
- Finished resetting the current domain, in  0.820 seconds
Domain Reload Profiling: 1218ms
	BeginReloadAssembly (142ms)
		ExecutionOrderSort (0ms)
		DisableScriptedObjects (3ms)
		BackupInstance (0ms)
		ReleaseScriptingObjects (0ms)
		CreateAndSetChildDomain (35ms)
	RebuildCommonClasses (27ms)
	RebuildNativeTypeToScriptingClass (8ms)
	initialDomainReloadingComplete (25ms)
	LoadAllAssembliesAndSetupDomain (195ms)
		LoadAssemblies (259ms)
		RebuildTransferFunctionScriptingTraits (0ms)
		AnalyzeDomain (12ms)
			TypeCache.Refresh (5ms)
				TypeCache.ScanAssembly (0ms)
			ScanForSourceGeneratedMonoScriptInfo (0ms)
			ResolveRequiredComponents (5ms)
	FinalizeReload (821ms)
		ReleaseScriptCaches (0ms)
		RebuildScriptCaches (0ms)
		SetupLoadedEditorAssemblies (360ms)
			LogAssemblyErrors (0ms)
			InitializePlatformSupportModulesInManaged (11ms)
			SetLoadedEditorAssemblies (4ms)
			RefreshPlugins (0ms)
			BeforeProcessingInitializeOnLoad (58ms)
			ProcessInitializeOnLoadAttributes (267ms)
			ProcessInitializeOnLoadMethodAttributes (14ms)
			AfterProcessingInitializeOnLoad (7ms)
			EditorAssembliesLoaded (0ms)
		ExecutionOrderSort2 (0ms)
		AwakeInstancesAfterBackupRestoration (6ms)
Shader 'Custom/AdditiveTintable': fallback shader 'Particles/Additive (Soft)' not found
Refreshing native plugins compatible for Editor in 3.66 ms, found 3 plugins.
Preloading 0 native plugins for Editor in 0.00 ms.
Unloading 3623 Unused Serialized files (Serialized files now loaded: 0)
Unloading 26 unused Assets / (101.8 KB). Loaded Objects now: 4190.
Memory consumption went from 137.3 MB to 137.2 MB.
Total: 3.183700 ms (FindLiveObjects: 0.276900 ms CreateObjectMapping: 0.081000 ms MarkObjects: 2.760500 ms  DeleteObjects: 0.064200 ms)

Prepare: number of updated asset objects reloaded= 0
AssetImportParameters requested are different than current active one (requested -> active):
  custom:container-demuxer-ogg: 62fdf1f143b41e24485cea50d1cbac27 -> 
  custom:video-decoder-ogg-theora: a1e56fd34408186e4bbccfd4996cb3dc -> 
  custom:framework-win-MediaFoundation: 216162199b28c13a410421893ffa2e32 -> 
  custom:CustomObjectIndexerAttribute: 756ad292c208cfabdd7b50bc23989ffe -> 
  custom:container-demuxer-webm: 4f35f7cbe854078d1ac9338744f61a02 -> 
  custom:container-muxer-webm: aa71ff27fc2769a1b78a27578f13a17b -> 
  custom:video-decoder-webm-vp8: 9c59270c3fd7afecdb556c50c9e8de78 -> 
  custom:SearchIndexIgnoredProperties: e643bd26f0fe6173181afceb89e7c659 -> 
  custom:AudioImporter_EditorPlatform: d09bf68614088b80899f8185d706f6e7 -> 
  custom:video-encoder-webm-vp8: eb34c28f22e8b96e1ab97ce403110664 -> 
  custom:audio-decoder-ogg-vorbis: bf7c407c2cedff20999df2af8eb42d56 -> 
  custom:audio-encoder-webm-vorbis: bf7c407c2cedff20999df2af8eb42d56 -> 
Editor requested this worker to shutdown with reason: Scaling down because of idle timeout
TcpMessagingSession - receive error: operation aborted. errorcode: 995, details: The I/O operation has been aborted because of either a thread exit or an application request.
AssetImportWorker is now disconnected from the server
Process exiting
Exiting without the bug reporter. Application will terminate with return code 0