Using pre-set license
Built from '2022.3/staging' branch; Version is '2022.3.10f1 (ff3792e53c62) revision 16725906'; Using compiler version '192829333'; Build Type 'Release'
OS: 'Windows 11  (10.0.22621) 64bit Core' Language: 'en' Physical Memory: 32694 MB
BatchMode: 1, IsHumanControllingUs: 0, StartBugReporterOnCrash: 0, Is64bit: 1, IsPro: 1

COMMAND LINE ARGUMENTS:
C:\Program Files\Unity\Hub\Editor\2022.3.10f1\Editor\Unity.exe
-adb2
-batchMode
-noUpm
-name
AssetImportWorker0
-projectPath
C:/Users/Kevin/DitV Game
-logFile
Logs/AssetImportWorker0.log
-srvPort
62655
Successfully changed project path to: C:/Users/Kevin/DitV Game
C:/Users/Kevin/DitV Game
[UnityMemory] Configuration Parameters - Can be set up in boot.config
    "memorysetup-bucket-allocator-granularity=16"
    "memorysetup-bucket-allocator-bucket-count=8"
    "memorysetup-bucket-allocator-block-size=33554432"
    "memorysetup-bucket-allocator-block-count=8"
    "memorysetup-main-allocator-block-size=16777216"
    "memorysetup-thread-allocator-block-size=16777216"
    "memorysetup-gfx-main-allocator-block-size=16777216"
    "memorysetup-gfx-thread-allocator-block-size=16777216"
    "memorysetup-cache-allocator-block-size=4194304"
    "memorysetup-typetree-allocator-block-size=2097152"
    "memorysetup-profiler-bucket-allocator-granularity=16"
    "memorysetup-profiler-bucket-allocator-bucket-count=8"
    "memorysetup-profiler-bucket-allocator-block-size=33554432"
    "memorysetup-profiler-bucket-allocator-block-count=8"
    "memorysetup-profiler-allocator-block-size=16777216"
    "memorysetup-profiler-editor-allocator-block-size=1048576"
    "memorysetup-temp-allocator-size-main=16777216"
    "memorysetup-job-temp-allocator-block-size=2097152"
    "memorysetup-job-temp-allocator-block-size-background=1048576"
    "memorysetup-job-temp-allocator-reduction-small-platforms=262144"
    "memorysetup-allocator-temp-initial-block-size-main=262144"
    "memorysetup-allocator-temp-initial-block-size-worker=262144"
    "memorysetup-temp-allocator-size-background-worker=32768"
    "memorysetup-temp-allocator-size-job-worker=262144"
    "memorysetup-temp-allocator-size-preload-manager=33554432"
    "memorysetup-temp-allocator-size-nav-mesh-worker=65536"
    "memorysetup-temp-allocator-size-audio-worker=65536"
    "memorysetup-temp-allocator-size-cloud-worker=32768"
    "memorysetup-temp-allocator-size-gi-baking-worker=262144"
    "memorysetup-temp-allocator-size-gfx=262144"
Player connection [9752] Host "[IP] 192.168.1.29 [Port] 0 [Flags] 2 [Guid] 442515818 [EditorId] 442515818 [Version] 1048832 [Id] WindowsEditor(7,DESKTOP-G62OFOL) [Debug] 1 [PackageName] WindowsEditor [ProjectName] Editor" joined multi-casting on [225.0.0.222:54997]...

Player connection [9752] Host "[IP] 192.168.1.29 [Port] 0 [Flags] 2 [Guid] 442515818 [EditorId] 442515818 [Version] 1048832 [Id] WindowsEditor(7,DESKTOP-G62OFOL) [Debug] 1 [PackageName] WindowsEditor [ProjectName] Editor" joined alternative multi-casting on [225.0.0.222:34997]...

[Physics::Module] Initialized MultithreadedJobDispatcher with 11 workers.
Refreshing native plugins compatible for Editor in 7.74 ms, found 3 plugins.
Preloading 0 native plugins for Editor in 0.00 ms.
Initialize engine version: 2022.3.10f1 (ff3792e53c62)
[Subsystems] Discovering subsystems at path C:/Program Files/Unity/Hub/Editor/2022.3.10f1/Editor/Data/Resources/UnitySubsystems
[Subsystems] Discovering subsystems at path C:/Users/Kevin/DitV Game/Assets
GfxDevice: creating device client; threaded=0; jobified=0
Direct3D:
    Version:  Direct3D 11.0 [level 11.1]
    Renderer: NVIDIA GeForce RTX 3070 Ti (ID=0x2482)
    Vendor:   NVIDIA
    VRAM:     8031 MB
    Driver:   31.0.15.3734
Shader 'Custom/AdditiveTintable': fallback shader 'Particles/Additive (Soft)' not found
Initialize mono
Mono path[0] = 'C:/Program Files/Unity/Hub/Editor/2022.3.10f1/Editor/Data/Managed'
Mono path[1] = 'C:/Program Files/Unity/Hub/Editor/2022.3.10f1/Editor/Data/MonoBleedingEdge/lib/mono/unityjit-win32'
Mono config path = 'C:/Program Files/Unity/Hub/Editor/2022.3.10f1/Editor/Data/MonoBleedingEdge/etc'
Using monoOptions --debugger-agent=transport=dt_socket,embedding=1,server=y,suspend=n,address=127.0.0.1:56916
Begin MonoManager ReloadAssembly
Registering precompiled unity dll's ...
Register platform support module: C:/Program Files/Unity/Hub/Editor/2022.3.10f1/Editor/Data/PlaybackEngines/MacStandaloneSupport/UnityEditor.OSXStandalone.Extensions.dll
Register platform support module: C:/Program Files/Unity/Hub/Editor/2022.3.10f1/Editor/Data/PlaybackEngines/WindowsStandaloneSupport/UnityEditor.WindowsStandalone.Extensions.dll
Registered in 0.008084 seconds.
- Loaded All Assemblies, in  0.394 seconds
Native extension for WindowsStandalone target not found
Native extension for OSXStandalone target not found
Mono: successfully reloaded assembly
- Finished resetting the current domain, in  0.223 seconds
Domain Reload Profiling: 614ms
	BeginReloadAssembly (169ms)
		ExecutionOrderSort (0ms)
		DisableScriptedObjects (0ms)
		BackupInstance (0ms)
		ReleaseScriptingObjects (0ms)
		CreateAndSetChildDomain (1ms)
	RebuildCommonClasses (32ms)
	RebuildNativeTypeToScriptingClass (8ms)
	initialDomainReloadingComplete (56ms)
	LoadAllAssembliesAndSetupDomain (126ms)
		LoadAssemblies (167ms)
		RebuildTransferFunctionScriptingTraits (0ms)
		AnalyzeDomain (123ms)
			TypeCache.Refresh (122ms)
				TypeCache.ScanAssembly (112ms)
			ScanForSourceGeneratedMonoScriptInfo (0ms)
			ResolveRequiredComponents (0ms)
	FinalizeReload (223ms)
		ReleaseScriptCaches (0ms)
		RebuildScriptCaches (0ms)
		SetupLoadedEditorAssemblies (171ms)
			LogAssemblyErrors (0ms)
			InitializePlatformSupportModulesInManaged (11ms)
			SetLoadedEditorAssemblies (6ms)
			RefreshPlugins (0ms)
			BeforeProcessingInitializeOnLoad (2ms)
			ProcessInitializeOnLoadAttributes (110ms)
			ProcessInitializeOnLoadMethodAttributes (43ms)
			AfterProcessingInitializeOnLoad (0ms)
			EditorAssembliesLoaded (0ms)
		ExecutionOrderSort2 (0ms)
		AwakeInstancesAfterBackupRestoration (0ms)
========================================================================
Worker process is ready to serve import requests
Begin MonoManager ReloadAssembly
- Loaded All Assemblies, in  0.723 seconds
Refreshing native plugins compatible for Editor in 2.84 ms, found 3 plugins.
Native extension for WindowsStandalone target not found
Native extension for OSXStandalone target not found
Package Manager log level set to [2]
[Package Manager] Server::EnsureServerProcessIsRunning -- launch failed, reason: Unity was launched with the -noUpm command-line argument
[Package Manager] UpmClient::Send -- Unable to send message (not connected to UPM process).
[Package Manager] Cannot connect to Unity Package Manager local server
Mono: successfully reloaded assembly
- Finished resetting the current domain, in  0.628 seconds
Domain Reload Profiling: 1347ms
	BeginReloadAssembly (184ms)
		ExecutionOrderSort (0ms)
		DisableScriptedObjects (8ms)
		BackupInstance (0ms)
		ReleaseScriptingObjects (0ms)
		CreateAndSetChildDomain (24ms)
	RebuildCommonClasses (47ms)
	RebuildNativeTypeToScriptingClass (13ms)
	initialDomainReloadingComplete (51ms)
	LoadAllAssembliesAndSetupDomain (424ms)
		LoadAssemblies (361ms)
		RebuildTransferFunctionScriptingTraits (0ms)
		AnalyzeDomain (170ms)
			TypeCache.Refresh (143ms)
				TypeCache.ScanAssembly (128ms)
			ScanForSourceGeneratedMonoScriptInfo (18ms)
			ResolveRequiredComponents (7ms)
	FinalizeReload (629ms)
		ReleaseScriptCaches (0ms)
		RebuildScriptCaches (0ms)
		SetupLoadedEditorAssemblies (486ms)
			LogAssemblyErrors (0ms)
			InitializePlatformSupportModulesInManaged (9ms)
			SetLoadedEditorAssemblies (4ms)
			RefreshPlugins (0ms)
			BeforeProcessingInitializeOnLoad (55ms)
			ProcessInitializeOnLoadAttributes (394ms)
			ProcessInitializeOnLoadMethodAttributes (14ms)
			AfterProcessingInitializeOnLoad (9ms)
			EditorAssembliesLoaded (0ms)
		ExecutionOrderSort2 (0ms)
		AwakeInstancesAfterBackupRestoration (6ms)
Shader 'Custom/AdditiveTintable': fallback shader 'Particles/Additive (Soft)' not found
Launched and connected shader compiler UnityShaderCompiler.exe after 0.03 seconds
Refreshing native plugins compatible for Editor in 3.03 ms, found 3 plugins.
Preloading 0 native plugins for Editor in 0.00 ms.
Unloading 3648 Unused Serialized files (Serialized files now loaded: 0)
Unloading 47 unused Assets / (131.2 KB). Loaded Objects now: 4128.
Memory consumption went from 136.8 MB to 136.7 MB.
Total: 4.047100 ms (FindLiveObjects: 0.370800 ms CreateObjectMapping: 0.258100 ms MarkObjects: 3.253600 ms  DeleteObjects: 0.163500 ms)

AssetImportParameters requested are different than current active one (requested -> active):
  custom:container-demuxer-ogg: 62fdf1f143b41e24485cea50d1cbac27 -> 
  custom:video-decoder-ogg-theora: a1e56fd34408186e4bbccfd4996cb3dc -> 
  custom:framework-win-MediaFoundation: 216162199b28c13a410421893ffa2e32 -> 
  custom:CustomObjectIndexerAttribute: 756ad292c208cfabdd7b50bc23989ffe -> 
  custom:container-demuxer-webm: 4f35f7cbe854078d1ac9338744f61a02 -> 
  custom:container-muxer-webm: aa71ff27fc2769a1b78a27578f13a17b -> 
  custom:video-decoder-webm-vp8: 9c59270c3fd7afecdb556c50c9e8de78 -> 
  custom:SearchIndexIgnoredProperties: e643bd26f0fe6173181afceb89e7c659 -> 
  custom:AudioImporter_EditorPlatform: d09bf68614088b80899f8185d706f6e7 -> 
  custom:video-encoder-webm-vp8: eb34c28f22e8b96e1ab97ce403110664 -> 
  custom:audio-decoder-ogg-vorbis: bf7c407c2cedff20999df2af8eb42d56 -> 
  custom:audio-encoder-webm-vorbis: bf7c407c2cedff20999df2af8eb42d56 -> 
========================================================================
Received Import Request.
  Time since last request: 1768497.903117 seconds.
  path: Assets/Character Models/CustomizableCharacters/Common/Icons/Outline/168.png
  artifactKey: Guid(b9c56a7fb4563384bb44e6b29fdb9be6) Importer(815301076,1909f56bfc062723c751e8b465ee728b)
Start importing Assets/Character Models/CustomizableCharacters/Common/Icons/Outline/168.png using Guid(b9c56a7fb4563384bb44e6b29fdb9be6) Importer(815301076,1909f56bfc062723c751e8b465ee728b)  -> (artifact id: '4ba05e0b8d661a5e525ac88c7a58ee2c') in 0.077227 seconds
Number of updated asset objects reloaded before import = 0
Number of asset objects unloaded after import = 3
========================================================================
Received Import Request.
  Time since last request: 0.000034 seconds.
  path: Assets/Character Models/CustomizableCharacters/Common/Resources/CustomizableCharacters/Icons/168.png
  artifactKey: Guid(0f96874daf5164245a1fb7d368677323) Importer(815301076,1909f56bfc062723c751e8b465ee728b)
Start importing Assets/Character Models/CustomizableCharacters/Common/Resources/CustomizableCharacters/Icons/168.png using Guid(0f96874daf5164245a1fb7d368677323) Importer(815301076,1909f56bfc062723c751e8b465ee728b)  -> (artifact id: '99aa4e3e3cdf8994dbf012d4aacc829b') in 0.016125 seconds
Number of updated asset objects reloaded before import = 0
Number of asset objects unloaded after import = 3
========================================================================
Received Import Request.
  Time since last request: 0.000014 seconds.
  path: Assets/Character Models/CustomizableCharacters/Common/Resources/CustomizableCharacters/Icons/172.png
  artifactKey: Guid(2d389886f62765c43af14e0b39566228) Importer(815301076,1909f56bfc062723c751e8b465ee728b)
Start importing Assets/Character Models/CustomizableCharacters/Common/Resources/CustomizableCharacters/Icons/172.png using Guid(2d389886f62765c43af14e0b39566228) Importer(815301076,1909f56bfc062723c751e8b465ee728b)  -> (artifact id: '50edea7e8a84bf93b700b1df8cdece69') in 0.014305 seconds
Number of updated asset objects reloaded before import = 0
Number of asset objects unloaded after import = 3
========================================================================
Received Import Request.
  Time since last request: 0.000013 seconds.
  path: Assets/Character Models/CustomizableCharacters/Common/Resources/CustomizableCharacters/Icons/165.png
  artifactKey: Guid(e49937dee224f0443985a37c69c7d305) Importer(815301076,1909f56bfc062723c751e8b465ee728b)
Start importing Assets/Character Models/CustomizableCharacters/Common/Resources/CustomizableCharacters/Icons/165.png using Guid(e49937dee224f0443985a37c69c7d305) Importer(815301076,1909f56bfc062723c751e8b465ee728b)  -> (artifact id: '345f7a121720244549af905233985131') in 0.012232 seconds
Number of updated asset objects reloaded before import = 0
Number of asset objects unloaded after import = 3
========================================================================
Received Import Request.
  Time since last request: 0.000011 seconds.
  path: Assets/Character Models/CustomizableCharacters/Common/Resources/CustomizableCharacters/Icons/175.png
  artifactKey: Guid(eb13ade72cdea984d958b9ee548e07c3) Importer(815301076,1909f56bfc062723c751e8b465ee728b)
Start importing Assets/Character Models/CustomizableCharacters/Common/Resources/CustomizableCharacters/Icons/175.png using Guid(eb13ade72cdea984d958b9ee548e07c3) Importer(815301076,1909f56bfc062723c751e8b465ee728b)  -> (artifact id: '2704c78f4cf68e74949cc5e9b21e0ac5') in 0.016547 seconds
Number of updated asset objects reloaded before import = 0
Number of asset objects unloaded after import = 3
========================================================================
Received Import Request.
  Time since last request: 0.000013 seconds.
  path: Assets/Character Models/CustomizableCharacters/Common/Icons/Outline/166.png
  artifactKey: Guid(306e8a78535e7a24da48029ad3420fce) Importer(815301076,1909f56bfc062723c751e8b465ee728b)
Start importing Assets/Character Models/CustomizableCharacters/Common/Icons/Outline/166.png using Guid(306e8a78535e7a24da48029ad3420fce) Importer(815301076,1909f56bfc062723c751e8b465ee728b)  -> (artifact id: 'ee2bb499a3c9f26af4ba2064b3f61eb9') in 0.016488 seconds
Number of updated asset objects reloaded before import = 0
Number of asset objects unloaded after import = 3
========================================================================
Received Import Request.
  Time since last request: 0.000012 seconds.
  path: Assets/Character Models/CustomizableCharacters/Common/Icons/Outline/171.png
  artifactKey: Guid(b7940ba0bfc50fe448879e786e862fd0) Importer(815301076,1909f56bfc062723c751e8b465ee728b)
Start importing Assets/Character Models/CustomizableCharacters/Common/Icons/Outline/171.png using Guid(b7940ba0bfc50fe448879e786e862fd0) Importer(815301076,1909f56bfc062723c751e8b465ee728b)  -> (artifact id: 'e0d702c4f6a9a184da3a056dae749d13') in 0.013454 seconds
Number of updated asset objects reloaded before import = 0
Number of asset objects unloaded after import = 3
========================================================================
Received Import Request.
  Time since last request: 0.000012 seconds.
  path: Assets/Character Models/CustomizableCharacters/Common/Resources/CustomizableCharacters/Icons/166.png
  artifactKey: Guid(ee8baec67250b764db63b0d69485fea9) Importer(815301076,1909f56bfc062723c751e8b465ee728b)
Start importing Assets/Character Models/CustomizableCharacters/Common/Resources/CustomizableCharacters/Icons/166.png using Guid(ee8baec67250b764db63b0d69485fea9) Importer(815301076,1909f56bfc062723c751e8b465ee728b)  -> (artifact id: '1c1504c340d929aa747e9b1a0e45b7c6') in 0.012410 seconds
Number of updated asset objects reloaded before import = 0
Number of asset objects unloaded after import = 3
========================================================================
Received Import Request.
  Time since last request: 0.000014 seconds.
  path: Assets/Character Models/CustomizableCharacters/Common/Resources/CustomizableCharacters/Icons/169.png
  artifactKey: Guid(3dca9da06aaa28f4bb6eb270fb44a0c3) Importer(815301076,1909f56bfc062723c751e8b465ee728b)
Start importing Assets/Character Models/CustomizableCharacters/Common/Resources/CustomizableCharacters/Icons/169.png using Guid(3dca9da06aaa28f4bb6eb270fb44a0c3) Importer(815301076,1909f56bfc062723c751e8b465ee728b)  -> (artifact id: '1557d3b58a125a3dd4b39df542bc46c7') in 0.012820 seconds
Number of updated asset objects reloaded before import = 0
Number of asset objects unloaded after import = 3
========================================================================
Received Import Request.
  Time since last request: 0.000014 seconds.
  path: Assets/Character Models/CustomizableCharacters/Common/Icons/Outline/175.png
  artifactKey: Guid(6d1852b30c629b64da252bde8787c2e1) Importer(815301076,1909f56bfc062723c751e8b465ee728b)
Start importing Assets/Character Models/CustomizableCharacters/Common/Icons/Outline/175.png using Guid(6d1852b30c629b64da252bde8787c2e1) Importer(815301076,1909f56bfc062723c751e8b465ee728b)  -> (artifact id: 'c073f1f0509b00cb0af9b98df665a51d') in 0.013078 seconds
Number of updated asset objects reloaded before import = 0
Number of asset objects unloaded after import = 3
Editor requested this worker to shutdown with reason: Scaling down because of idle timeout
TcpMessagingSession - receive error: operation aborted. errorcode: 995, details: The I/O operation has been aborted because of either a thread exit or an application request.
AssetImportWorker is now disconnected from the server
Process exiting
Exiting without the bug reporter. Application will terminate with return code 0