Using pre-set license
Built from '2022.3/staging' branch; Version is '2022.3.10f1 (ff3792e53c62) revision 16725906'; Using compiler version '192829333'; Build Type 'Release'
OS: 'Windows 11  (10.0.22621) 64bit Core' Language: 'en' Physical Memory: 32694 MB
BatchMode: 1, IsHumanControllingUs: 0, StartBugReporterOnCrash: 0, Is64bit: 1, IsPro: 1

COMMAND LINE ARGUMENTS:
C:\Program Files\Unity\Hub\Editor\2022.3.10f1\Editor\Unity.exe
-adb2
-batchMode
-noUpm
-name
AssetImportWorker2
-projectPath
C:/Users/Kevin/DitV Game
-logFile
Logs/AssetImportWorker2.log
-srvPort
62655
Successfully changed project path to: C:/Users/Kevin/DitV Game
C:/Users/Kevin/DitV Game
[UnityMemory] Configuration Parameters - Can be set up in boot.config
    "memorysetup-bucket-allocator-granularity=16"
    "memorysetup-bucket-allocator-bucket-count=8"
    "memorysetup-bucket-allocator-block-size=33554432"
    "memorysetup-bucket-allocator-block-count=8"
    "memorysetup-main-allocator-block-size=16777216"
    "memorysetup-thread-allocator-block-size=16777216"
    "memorysetup-gfx-main-allocator-block-size=16777216"
    "memorysetup-gfx-thread-allocator-block-size=16777216"
    "memorysetup-cache-allocator-block-size=4194304"
    "memorysetup-typetree-allocator-block-size=2097152"
    "memorysetup-profiler-bucket-allocator-granularity=16"
    "memorysetup-profiler-bucket-allocator-bucket-count=8"
    "memorysetup-profiler-bucket-allocator-block-size=33554432"
    "memorysetup-profiler-bucket-allocator-block-count=8"
    "memorysetup-profiler-allocator-block-size=16777216"
    "memorysetup-profiler-editor-allocator-block-size=1048576"
    "memorysetup-temp-allocator-size-main=16777216"
    "memorysetup-job-temp-allocator-block-size=2097152"
    "memorysetup-job-temp-allocator-block-size-background=1048576"
    "memorysetup-job-temp-allocator-reduction-small-platforms=262144"
    "memorysetup-allocator-temp-initial-block-size-main=262144"
    "memorysetup-allocator-temp-initial-block-size-worker=262144"
    "memorysetup-temp-allocator-size-background-worker=32768"
    "memorysetup-temp-allocator-size-job-worker=262144"
    "memorysetup-temp-allocator-size-preload-manager=33554432"
    "memorysetup-temp-allocator-size-nav-mesh-worker=65536"
    "memorysetup-temp-allocator-size-audio-worker=65536"
    "memorysetup-temp-allocator-size-cloud-worker=32768"
    "memorysetup-temp-allocator-size-gi-baking-worker=262144"
    "memorysetup-temp-allocator-size-gfx=262144"
Player connection [35676] Host "[IP] 192.168.1.29 [Port] 0 [Flags] 2 [Guid] 605681217 [EditorId] 605681217 [Version] 1048832 [Id] WindowsEditor(7,DESKTOP-G62OFOL) [Debug] 1 [PackageName] WindowsEditor [ProjectName] Editor" joined multi-casting on [225.0.0.222:54997]...

Player connection [35676] Host "[IP] 192.168.1.29 [Port] 0 [Flags] 2 [Guid] 605681217 [EditorId] 605681217 [Version] 1048832 [Id] WindowsEditor(7,DESKTOP-G62OFOL) [Debug] 1 [PackageName] WindowsEditor [ProjectName] Editor" joined alternative multi-casting on [225.0.0.222:34997]...

[Physics::Module] Initialized MultithreadedJobDispatcher with 11 workers.
Refreshing native plugins compatible for Editor in 7.36 ms, found 3 plugins.
Preloading 0 native plugins for Editor in 0.00 ms.
Initialize engine version: 2022.3.10f1 (ff3792e53c62)
[Subsystems] Discovering subsystems at path C:/Program Files/Unity/Hub/Editor/2022.3.10f1/Editor/Data/Resources/UnitySubsystems
[Subsystems] Discovering subsystems at path C:/Users/Kevin/DitV Game/Assets
GfxDevice: creating device client; threaded=0; jobified=0
Direct3D:
    Version:  Direct3D 11.0 [level 11.1]
    Renderer: NVIDIA GeForce RTX 3070 Ti (ID=0x2482)
    Vendor:   NVIDIA
    VRAM:     8031 MB
    Driver:   31.0.15.3734
Shader 'Custom/AdditiveTintable': fallback shader 'Particles/Additive (Soft)' not found
Initialize mono
Mono path[0] = 'C:/Program Files/Unity/Hub/Editor/2022.3.10f1/Editor/Data/Managed'
Mono path[1] = 'C:/Program Files/Unity/Hub/Editor/2022.3.10f1/Editor/Data/MonoBleedingEdge/lib/mono/unityjit-win32'
Mono config path = 'C:/Program Files/Unity/Hub/Editor/2022.3.10f1/Editor/Data/MonoBleedingEdge/etc'
Using monoOptions --debugger-agent=transport=dt_socket,embedding=1,server=y,suspend=n,address=127.0.0.1:56280
Begin MonoManager ReloadAssembly
Registering precompiled unity dll's ...
Register platform support module: C:/Program Files/Unity/Hub/Editor/2022.3.10f1/Editor/Data/PlaybackEngines/MacStandaloneSupport/UnityEditor.OSXStandalone.Extensions.dll
Register platform support module: C:/Program Files/Unity/Hub/Editor/2022.3.10f1/Editor/Data/PlaybackEngines/WindowsStandaloneSupport/UnityEditor.WindowsStandalone.Extensions.dll
Registered in 0.008558 seconds.
- Loaded All Assemblies, in  0.418 seconds
Native extension for WindowsStandalone target not found
Native extension for OSXStandalone target not found
Mono: successfully reloaded assembly
- Finished resetting the current domain, in  0.224 seconds
Domain Reload Profiling: 641ms
	BeginReloadAssembly (183ms)
		ExecutionOrderSort (0ms)
		DisableScriptedObjects (0ms)
		BackupInstance (0ms)
		ReleaseScriptingObjects (0ms)
		CreateAndSetChildDomain (1ms)
	RebuildCommonClasses (38ms)
	RebuildNativeTypeToScriptingClass (9ms)
	initialDomainReloadingComplete (53ms)
	LoadAllAssembliesAndSetupDomain (134ms)
		LoadAssemblies (180ms)
		RebuildTransferFunctionScriptingTraits (0ms)
		AnalyzeDomain (132ms)
			TypeCache.Refresh (131ms)
				TypeCache.ScanAssembly (119ms)
			ScanForSourceGeneratedMonoScriptInfo (0ms)
			ResolveRequiredComponents (0ms)
	FinalizeReload (225ms)
		ReleaseScriptCaches (0ms)
		RebuildScriptCaches (0ms)
		SetupLoadedEditorAssemblies (174ms)
			LogAssemblyErrors (0ms)
			InitializePlatformSupportModulesInManaged (12ms)
			SetLoadedEditorAssemblies (6ms)
			RefreshPlugins (0ms)
			BeforeProcessingInitializeOnLoad (2ms)
			ProcessInitializeOnLoadAttributes (112ms)
			ProcessInitializeOnLoadMethodAttributes (42ms)
			AfterProcessingInitializeOnLoad (0ms)
			EditorAssembliesLoaded (0ms)
		ExecutionOrderSort2 (0ms)
		AwakeInstancesAfterBackupRestoration (0ms)
========================================================================
Worker process is ready to serve import requests
Begin MonoManager ReloadAssembly
- Loaded All Assemblies, in  0.718 seconds
Refreshing native plugins compatible for Editor in 3.03 ms, found 3 plugins.
Native extension for WindowsStandalone target not found
Native extension for OSXStandalone target not found
Package Manager log level set to [2]
[Package Manager] Server::EnsureServerProcessIsRunning -- launch failed, reason: Unity was launched with the -noUpm command-line argument
[Package Manager] UpmClient::Send -- Unable to send message (not connected to UPM process).
[Package Manager] Cannot connect to Unity Package Manager local server
Mono: successfully reloaded assembly
- Finished resetting the current domain, in  0.634 seconds
Domain Reload Profiling: 1347ms
	BeginReloadAssembly (186ms)
		ExecutionOrderSort (0ms)
		DisableScriptedObjects (8ms)
		BackupInstance (0ms)
		ReleaseScriptingObjects (0ms)
		CreateAndSetChildDomain (26ms)
	RebuildCommonClasses (46ms)
	RebuildNativeTypeToScriptingClass (13ms)
	initialDomainReloadingComplete (51ms)
	LoadAllAssembliesAndSetupDomain (416ms)
		LoadAssemblies (359ms)
		RebuildTransferFunctionScriptingTraits (0ms)
		AnalyzeDomain (165ms)
			TypeCache.Refresh (144ms)
				TypeCache.ScanAssembly (131ms)
			ScanForSourceGeneratedMonoScriptInfo (15ms)
			ResolveRequiredComponents (5ms)
	FinalizeReload (634ms)
		ReleaseScriptCaches (0ms)
		RebuildScriptCaches (0ms)
		SetupLoadedEditorAssemblies (493ms)
			LogAssemblyErrors (0ms)
			InitializePlatformSupportModulesInManaged (11ms)
			SetLoadedEditorAssemblies (4ms)
			RefreshPlugins (0ms)
			BeforeProcessingInitializeOnLoad (58ms)
			ProcessInitializeOnLoadAttributes (396ms)
			ProcessInitializeOnLoadMethodAttributes (16ms)
			AfterProcessingInitializeOnLoad (8ms)
			EditorAssembliesLoaded (0ms)
		ExecutionOrderSort2 (0ms)
		AwakeInstancesAfterBackupRestoration (6ms)
Shader 'Custom/AdditiveTintable': fallback shader 'Particles/Additive (Soft)' not found
Launched and connected shader compiler UnityShaderCompiler.exe after 0.03 seconds
Refreshing native plugins compatible for Editor in 2.85 ms, found 3 plugins.
Preloading 0 native plugins for Editor in 0.00 ms.
Unloading 3648 Unused Serialized files (Serialized files now loaded: 0)
Unloading 47 unused Assets / (131.2 KB). Loaded Objects now: 4128.
Memory consumption went from 136.8 MB to 136.7 MB.
Total: 3.709900 ms (FindLiveObjects: 0.292200 ms CreateObjectMapping: 0.183800 ms MarkObjects: 3.093400 ms  DeleteObjects: 0.139400 ms)

AssetImportParameters requested are different than current active one (requested -> active):
  custom:container-demuxer-ogg: 62fdf1f143b41e24485cea50d1cbac27 -> 
  custom:video-decoder-ogg-theora: a1e56fd34408186e4bbccfd4996cb3dc -> 
  custom:framework-win-MediaFoundation: 216162199b28c13a410421893ffa2e32 -> 
  custom:CustomObjectIndexerAttribute: 756ad292c208cfabdd7b50bc23989ffe -> 
  custom:container-demuxer-webm: 4f35f7cbe854078d1ac9338744f61a02 -> 
  custom:container-muxer-webm: aa71ff27fc2769a1b78a27578f13a17b -> 
  custom:video-decoder-webm-vp8: 9c59270c3fd7afecdb556c50c9e8de78 -> 
  custom:SearchIndexIgnoredProperties: e643bd26f0fe6173181afceb89e7c659 -> 
  custom:AudioImporter_EditorPlatform: d09bf68614088b80899f8185d706f6e7 -> 
  custom:video-encoder-webm-vp8: eb34c28f22e8b96e1ab97ce403110664 -> 
  custom:audio-decoder-ogg-vorbis: bf7c407c2cedff20999df2af8eb42d56 -> 
  custom:audio-encoder-webm-vorbis: bf7c407c2cedff20999df2af8eb42d56 -> 
========================================================================
Received Import Request.
  Time since last request: 1768497.902166 seconds.
  path: Assets/Character Models/CustomizableCharacters/Common/Icons/Outline/167.png
  artifactKey: Guid(88dcca30d7275f14e8aaab4cb33c7834) Importer(815301076,1909f56bfc062723c751e8b465ee728b)
Start importing Assets/Character Models/CustomizableCharacters/Common/Icons/Outline/167.png using Guid(88dcca30d7275f14e8aaab4cb33c7834) Importer(815301076,1909f56bfc062723c751e8b465ee728b)  -> (artifact id: '19cc9b0992cc65b11b95f6875dec7b44') in 0.078308 seconds
Number of updated asset objects reloaded before import = 0
Number of asset objects unloaded after import = 3
========================================================================
Received Import Request.
  Time since last request: 0.000022 seconds.
  path: Assets/Character Models/CustomizableCharacters/Common/Icons/Outline/172.png
  artifactKey: Guid(078d2ecf479ba604e848ec2949fcd593) Importer(815301076,1909f56bfc062723c751e8b465ee728b)
Start importing Assets/Character Models/CustomizableCharacters/Common/Icons/Outline/172.png using Guid(078d2ecf479ba604e848ec2949fcd593) Importer(815301076,1909f56bfc062723c751e8b465ee728b)  -> (artifact id: '7108e955c7825f58f2e2ca2ed106481b') in 0.020075 seconds
Number of updated asset objects reloaded before import = 0
Number of asset objects unloaded after import = 3
========================================================================
Received Import Request.
  Time since last request: 0.000021 seconds.
  path: Assets/Character Models/CustomizableCharacters/Common/Icons/Outline/165.png
  artifactKey: Guid(a9f1ca79aa24e2441bfee267be79bfdd) Importer(815301076,1909f56bfc062723c751e8b465ee728b)
Start importing Assets/Character Models/CustomizableCharacters/Common/Icons/Outline/165.png using Guid(a9f1ca79aa24e2441bfee267be79bfdd) Importer(815301076,1909f56bfc062723c751e8b465ee728b)  -> (artifact id: 'fbce0f4081e7e96ba8a9d23c0c315085') in 0.016737 seconds
Number of updated asset objects reloaded before import = 0
Number of asset objects unloaded after import = 3
========================================================================
Received Import Request.
  Time since last request: 0.000015 seconds.
  path: Assets/Character Models/CustomizableCharacters/Common/Resources/CustomizableCharacters/Icons/171.png
  artifactKey: Guid(76d1a525519328e4581424bcfb4674aa) Importer(815301076,1909f56bfc062723c751e8b465ee728b)
Start importing Assets/Character Models/CustomizableCharacters/Common/Resources/CustomizableCharacters/Icons/171.png using Guid(76d1a525519328e4581424bcfb4674aa) Importer(815301076,1909f56bfc062723c751e8b465ee728b)  -> (artifact id: '2cae5211cd8c83ad4d89a6f8261d9c29') in 0.017249 seconds
Number of updated asset objects reloaded before import = 0
Number of asset objects unloaded after import = 3
========================================================================
Received Import Request.
  Time since last request: 0.000017 seconds.
  path: Assets/Character Models/CustomizableCharacters/Common/Icons/Outline/176.png
  artifactKey: Guid(b2a4b201b709d8345ac3b340ec60ff41) Importer(815301076,1909f56bfc062723c751e8b465ee728b)
Start importing Assets/Character Models/CustomizableCharacters/Common/Icons/Outline/176.png using Guid(b2a4b201b709d8345ac3b340ec60ff41) Importer(815301076,1909f56bfc062723c751e8b465ee728b)  -> (artifact id: '8eff4a4e1e03c663e4e47fcb06e760e3') in 0.019856 seconds
Number of updated asset objects reloaded before import = 0
Number of asset objects unloaded after import = 3
========================================================================
Received Import Request.
  Time since last request: 0.000016 seconds.
  path: Assets/Character Models/CustomizableCharacters/Common/Resources/CustomizableCharacters/Icons/167.png
  artifactKey: Guid(da54eb47a882288459cce40b41096716) Importer(815301076,1909f56bfc062723c751e8b465ee728b)
Start importing Assets/Character Models/CustomizableCharacters/Common/Resources/CustomizableCharacters/Icons/167.png using Guid(da54eb47a882288459cce40b41096716) Importer(815301076,1909f56bfc062723c751e8b465ee728b)  -> (artifact id: 'aae26c95ab18cc7b453469d444dbf09f') in 0.014863 seconds
Number of updated asset objects reloaded before import = 0
Number of asset objects unloaded after import = 3
========================================================================
Received Import Request.
  Time since last request: 0.000013 seconds.
  path: Assets/Character Models/CustomizableCharacters/Common/Icons/Outline/174.png
  artifactKey: Guid(e92c9486d9e60ad4cab3d2004a18dcfe) Importer(815301076,1909f56bfc062723c751e8b465ee728b)
Start importing Assets/Character Models/CustomizableCharacters/Common/Icons/Outline/174.png using Guid(e92c9486d9e60ad4cab3d2004a18dcfe) Importer(815301076,1909f56bfc062723c751e8b465ee728b)  -> (artifact id: '7ff444cecdcf95af190ce0164eea8479') in 0.017534 seconds
Number of updated asset objects reloaded before import = 0
Number of asset objects unloaded after import = 3
========================================================================
Received Import Request.
  Time since last request: 0.000015 seconds.
  path: Assets/Character Models/CustomizableCharacters/Common/Resources/CustomizableCharacters/Icons/178.png
  artifactKey: Guid(e637ddd0f28c34c4184e673a924860a5) Importer(815301076,1909f56bfc062723c751e8b465ee728b)
Start importing Assets/Character Models/CustomizableCharacters/Common/Resources/CustomizableCharacters/Icons/178.png using Guid(e637ddd0f28c34c4184e673a924860a5) Importer(815301076,1909f56bfc062723c751e8b465ee728b)  -> (artifact id: 'd62b6c433e6b5d76ac5ca9db84251e49') in 0.018334 seconds
Number of updated asset objects reloaded before import = 0
Number of asset objects unloaded after import = 3
========================================================================
Received Import Request.
  Time since last request: 0.000015 seconds.
  path: Assets/Character Models/CustomizableCharacters/Common/Icons/Outline/178.png
  artifactKey: Guid(7d7410c6da1c42147909976914014e8b) Importer(815301076,1909f56bfc062723c751e8b465ee728b)
Start importing Assets/Character Models/CustomizableCharacters/Common/Icons/Outline/178.png using Guid(7d7410c6da1c42147909976914014e8b) Importer(815301076,1909f56bfc062723c751e8b465ee728b)  -> (artifact id: 'a891142943177246eb7ab7448faee334') in 0.011661 seconds
Number of updated asset objects reloaded before import = 0
Number of asset objects unloaded after import = 3
========================================================================
Received Import Request.
  Time since last request: 513.421283 seconds.
  path: Assets/Character Models/CustomizableCharacters/Humans/Resources/CustomizableCharacters/Race 0/Beard/4.prefab
  artifactKey: Guid(e9b11fe987a1629428150a529fa4c361) Importer(815301076,1909f56bfc062723c751e8b465ee728b)
Start importing Assets/Character Models/CustomizableCharacters/Humans/Resources/CustomizableCharacters/Race 0/Beard/4.prefab using Guid(e9b11fe987a1629428150a529fa4c361) Importer(815301076,1909f56bfc062723c751e8b465ee728b)  -> (artifact id: '5a4323431928232e4fac1f2167d5f57e') in 0.043339 seconds
Number of updated asset objects reloaded before import = 0
Number of asset objects unloaded after import = 69
========================================================================
Received Import Request.
  Time since last request: 0.000017 seconds.
  path: Assets/Character Models/CustomizableCharacters/Common/Source files/Equipment/FantasyWeaponsPack/5.fbx
  artifactKey: Guid(22a6954f99260314d96cd368edfc8f58) Importer(815301076,1909f56bfc062723c751e8b465ee728b)
Start importing Assets/Character Models/CustomizableCharacters/Common/Source files/Equipment/FantasyWeaponsPack/5.fbx using Guid(22a6954f99260314d96cd368edfc8f58) Importer(815301076,1909f56bfc062723c751e8b465ee728b)  -> (artifact id: '881ab2bc0cdb66223b3c881f4c8e96fa') in 0.041324 seconds
Number of updated asset objects reloaded before import = 0
Number of asset objects unloaded after import = 8
========================================================================
Received Import Request.
  Time since last request: 0.000018 seconds.
  path: Assets/Character Models/CustomizableCharacters/Common/Icons/Raw/5.png
  artifactKey: Guid(aacdfbf5f00b27d4e8fb08d89038c2be) Importer(815301076,1909f56bfc062723c751e8b465ee728b)
Start importing Assets/Character Models/CustomizableCharacters/Common/Icons/Raw/5.png using Guid(aacdfbf5f00b27d4e8fb08d89038c2be) Importer(815301076,1909f56bfc062723c751e8b465ee728b)  -> (artifact id: '3c797d2b6e07111b6c99a21bdc9c18b1') in 0.019178 seconds
Number of updated asset objects reloaded before import = 0
Number of asset objects unloaded after import = 2
========================================================================
Received Import Request.
  Time since last request: 0.000023 seconds.
  path: Assets/Character Models/CustomizableCharacters/Humans/Resources/CustomizableCharacters/Race 0/Beard/5.prefab
  artifactKey: Guid(663c7afbc33ee0b4fa1ab8089b53261e) Importer(815301076,1909f56bfc062723c751e8b465ee728b)
Start importing Assets/Character Models/CustomizableCharacters/Humans/Resources/CustomizableCharacters/Race 0/Beard/5.prefab using Guid(663c7afbc33ee0b4fa1ab8089b53261e) Importer(815301076,1909f56bfc062723c751e8b465ee728b)  -> (artifact id: 'a5f06e624cfb6438cb86f87b415dc1e3') in 0.013731 seconds
Number of updated asset objects reloaded before import = 0
Number of asset objects unloaded after import = 69
========================================================================
Received Prepare
Begin MonoManager ReloadAssembly
- Loaded All Assemblies, in  0.400 seconds
Refreshing native plugins compatible for Editor in 3.95 ms, found 3 plugins.
Native extension for WindowsStandalone target not found
Native extension for OSXStandalone target not found
[Package Manager] Server::EnsureServerProcessIsRunning -- launch failed, reason: Unity was launched with the -noUpm command-line argument
[Package Manager] UpmClient::Send -- Unable to send message (not connected to UPM process).
[Package Manager] Cannot connect to Unity Package Manager local server
Mono: successfully reloaded assembly
- Finished resetting the current domain, in  0.834 seconds
Domain Reload Profiling: 1232ms
	BeginReloadAssembly (145ms)
		ExecutionOrderSort (0ms)
		DisableScriptedObjects (3ms)
		BackupInstance (0ms)
		ReleaseScriptingObjects (0ms)
		CreateAndSetChildDomain (35ms)
	RebuildCommonClasses (26ms)
	RebuildNativeTypeToScriptingClass (8ms)
	initialDomainReloadingComplete (27ms)
	LoadAllAssembliesAndSetupDomain (190ms)
		LoadAssemblies (256ms)
		RebuildTransferFunctionScriptingTraits (0ms)
		AnalyzeDomain (12ms)
			TypeCache.Refresh (6ms)
				TypeCache.ScanAssembly (0ms)
			ScanForSourceGeneratedMonoScriptInfo (0ms)
			ResolveRequiredComponents (5ms)
	FinalizeReload (835ms)
		ReleaseScriptCaches (0ms)
		RebuildScriptCaches (0ms)
		SetupLoadedEditorAssemblies (364ms)
			LogAssemblyErrors (0ms)
			InitializePlatformSupportModulesInManaged (9ms)
			SetLoadedEditorAssemblies (3ms)
			RefreshPlugins (0ms)
			BeforeProcessingInitializeOnLoad (59ms)
			ProcessInitializeOnLoadAttributes (268ms)
			ProcessInitializeOnLoadMethodAttributes (17ms)
			AfterProcessingInitializeOnLoad (8ms)
			EditorAssembliesLoaded (0ms)
		ExecutionOrderSort2 (0ms)
		AwakeInstancesAfterBackupRestoration (8ms)
Shader 'Custom/AdditiveTintable': fallback shader 'Particles/Additive (Soft)' not found
Refreshing native plugins compatible for Editor in 3.25 ms, found 3 plugins.
Preloading 0 native plugins for Editor in 0.00 ms.
Unloading 3623 Unused Serialized files (Serialized files now loaded: 0)
Unloading 26 unused Assets / (101.7 KB). Loaded Objects now: 4190.
Memory consumption went from 137.3 MB to 137.2 MB.
Total: 2.922800 ms (FindLiveObjects: 0.368400 ms CreateObjectMapping: 0.157000 ms MarkObjects: 2.324000 ms  DeleteObjects: 0.072500 ms)

Prepare: number of updated asset objects reloaded= 0
AssetImportParameters requested are different than current active one (requested -> active):
  custom:container-demuxer-ogg: 62fdf1f143b41e24485cea50d1cbac27 -> 
  custom:video-decoder-ogg-theora: a1e56fd34408186e4bbccfd4996cb3dc -> 
  custom:framework-win-MediaFoundation: 216162199b28c13a410421893ffa2e32 -> 
  custom:CustomObjectIndexerAttribute: 756ad292c208cfabdd7b50bc23989ffe -> 
  custom:container-demuxer-webm: 4f35f7cbe854078d1ac9338744f61a02 -> 
  custom:container-muxer-webm: aa71ff27fc2769a1b78a27578f13a17b -> 
  custom:video-decoder-webm-vp8: 9c59270c3fd7afecdb556c50c9e8de78 -> 
  custom:SearchIndexIgnoredProperties: e643bd26f0fe6173181afceb89e7c659 -> 
  custom:AudioImporter_EditorPlatform: d09bf68614088b80899f8185d706f6e7 -> 
  custom:video-encoder-webm-vp8: eb34c28f22e8b96e1ab97ce403110664 -> 
  custom:audio-decoder-ogg-vorbis: bf7c407c2cedff20999df2af8eb42d56 -> 
  custom:audio-encoder-webm-vorbis: bf7c407c2cedff20999df2af8eb42d56 -> 
